Base path: D:/unity/2018.3.14f1/Editor/Data
Cmd: initializeCompiler
Cmd: compileComputeKernel
  api=4 insize=13661 outsize=37505 ok=1
Cmd: compileComputeKernel
  api=4 insize=13661 outsize=42741 ok=1
Cmd: compileComputeKernel
  api=4 insize=13661 outsize=34569 ok=1
Cmd: compileComputeKernel
  api=4 insize=13661 outsize=59405 ok=1
Cmd: compileComputeKernel
  api=4 insize=13661 outsize=49869 ok=1
Cmd: compileComputeKernel
  api=4 insize=26681 outsize=301 ok=1
Cmd: compileComputeKernel
  api=4 insize=3532 outsize=2581 ok=1
Cmd: compileComputeKernel
  api=4 insize=18731 outsize=10549 ok=1
Cmd: compileComputeKernel
  api=4 insize=19063 outsize=13729 ok=1
Cmd: compileComputeKernel
  api=4 insize=692 outsize=573 ok=1
Cmd: compileComputeKernel
  api=4 insize=36517 outsize=47337 ok=1
Cmd: compileComputeKernel
  api=4 insize=8350 outsize=2945 ok=1
Cmd: compileComputeKernel
  api=4 insize=14079 outsize=2265 ok=1
Cmd: compileComputeKernel
  api=4 insize=16866 outsize=5617 ok=1
Cmd: compileComputeKernel
  api=4 insize=16866 outsize=7321 ok=1
Cmd: compileComputeKernel
  api=4 insize=16866 outsize=8317 ok=1
Cmd: compileComputeKernel
  api=4 insize=16866 outsize=7957 ok=1
Cmd: compileComputeKernel
  api=4 insize=16866 outsize=7973 ok=1
Cmd: compileComputeKernel
  api=4 insize=16866 outsize=9789 ok=1
Cmd: initializeCompiler
Cmd: initializeCompiler
Cmd: initializeCompiler
Cmd: initializeCompiler
Cmd: initializeCompiler
Cmd: initializeCompiler

Quitting shader compiler process
