Base path: D:/unity/2018.3.14f1/Editor/Data
Cmd: initializeCompiler
Cmd: compileComputeKernel
  api=4 insize=13661 outsize=32173 ok=1
Cmd: compileComputeKernel
  api=4 insize=13661 outsize=44177 ok=1
Cmd: compileComputeKernel
  api=4 insize=13661 outsize=31957 ok=1
Cmd: compileComputeKernel
  api=4 insize=13661 outsize=31081 ok=1
Cmd: compileComputeKernel
  api=4 insize=13661 outsize=21465 ok=1
Cmd: compileComputeKernel
  api=4 insize=13661 outsize=30205 ok=1
Cmd: compileComputeKernel
  api=4 insize=13661 outsize=69609 ok=1
Cmd: compileComputeKernel
  api=4 insize=26681 outsize=15569 ok=1
Cmd: compileComputeKernel
  api=4 insize=18731 outsize=8781 ok=1
Cmd: compileComputeKernel
  api=4 insize=19063 outsize=15261 ok=1
Cmd: compileComputeKernel
  api=4 insize=2120 outsize=1033 ok=1
Cmd: compileComputeKernel
  api=4 insize=16866 outsize=6817 ok=1
Cmd: compileComputeKernel
  api=4 insize=16866 outsize=9453 ok=1
Cmd: compileComputeKernel
  api=4 insize=16866 outsize=8345 ok=1
Cmd: compileComputeKernel
  api=4 insize=16866 outsize=11145 ok=1
Cmd: initializeCompiler
Cmd: initializeCompiler
Cmd: initializeCompiler
Cmd: initializeCompiler
Cmd: initializeCompiler
Cmd: initializeCompiler

Quitting shader compiler process
